<?xml version="1.0" encoding="UTF-8"?>
<!-- Generated by org.testng.reporters.JUnitReportReporter -->
<testsuite hostname="AMD" name="lqas.automation.AppTest2" tests="2" failures="0" timestamp="26 Dec 2015 09:26:36 GMT" time="0.010" errors="0">
  <testcase name="thirdtTest" time="0.000" classname="lqas.automation.AppTest2"/>
  <testcase name="forthTest" time="0.010" classname="lqas.automation.AppTest2"/>
</testsuite> <!-- lqas.automation.AppTest2 -->
