<?xml version="1.0" encoding="UTF-8"?>
<!-- Generated by org.testng.reporters.JUnitReportReporter -->
<testsuite hostname="AMD" name="lqas.automation.AppTest2" tests="2" failures="0" timestamp="28 Dec 2015 19:20:07 GMT" time="0.009" errors="0">
  <testcase name="thirdtTest" time="0.000" classname="lqas.automation.AppTest2"/>
  <testcase name="forthTest" time="0.009" classname="lqas.automation.AppTest2"/>
</testsuite> <!-- lqas.automation.AppTest2 -->
